0 info it worked if it ends with ok
1 verbose cli [ 'C:\\Documents and Settings\\saeid\\Desktop\\nodejs\\\\node.exe',
1 verbose cli   'C:\\Documents and Settings\\saeid\\Desktop\\nodejs\\node_modules\\npm\\bin\\npm-cli.js',
1 verbose cli   'install',
1 verbose cli   'chatter' ]
2 info using npm@1.2.10
3 info using node@v0.8.19
4 verbose node symlink C:\Documents and Settings\saeid\Desktop\nodejs\\node.exe
5 verbose read json C:\Documents and Settings\saeid\Desktop\nodejs\package.json
6 warn package.json chatroom@1.0.0 No README.md file found!
7 verbose read json C:\Documents and Settings\saeid\Desktop\nodejs\node_modules\chatter\package.json
8 verbose read json C:\Documents and Settings\saeid\Desktop\nodejs\node_modules\connect\package.json
9 verbose read json C:\Documents and Settings\saeid\Desktop\nodejs\node_modules\npm\package.json
10 verbose read json C:\Documents and Settings\saeid\Desktop\nodejs\node_modules\npm-debug.log\package.json
11 verbose read json C:\Documents and Settings\saeid\Desktop\nodejs\node_modules\socket.io\package.json
12 warn package.json chatter@0.0.1 No README.md file found!
13 verbose from cache C:\Documents and Settings\saeid\Desktop\nodejs\package.json
14 verbose readDependencies using package.json deps
15 verbose cache add [ 'chatter', null ]
16 verbose cache add name=undefined spec="chatter" args=["chatter",null]
17 verbose parsed url { pathname: 'chatter', path: 'chatter', href: 'chatter' }
18 silly lockFile 9dc7c8b0-chatter chatter
19 verbose lock chatter C:\Documents and Settings\saeid\Application Data\npm-cache\9dc7c8b0-chatter.lock
20 silly lockFile 9dc7c8b0-chatter chatter
21 silly lockFile 9dc7c8b0-chatter chatter
22 verbose addNamed [ 'chatter', '' ]
23 verbose addNamed [ null, '' ]
24 silly lockFile 877ee80b-chatter chatter@
25 verbose lock chatter@ C:\Documents and Settings\saeid\Application Data\npm-cache\877ee80b-chatter.lock
26 silly addNameRange { name: 'chatter', range: '', hasData: false }
27 verbose url raw chatter
28 verbose url resolving [ 'https://registry.npmjs.org/', './chatter' ]
29 verbose url resolved https://registry.npmjs.org/chatter
30 info trying registry request attempt 1 at 12:46:59
31 http GET https://registry.npmjs.org/chatter
32 http 404 https://registry.npmjs.org/chatter
33 silly registry.get cb [ 404,
33 silly registry.get   { server: 'CouchDB/1.2.1 (Erlang OTP/R15B)',
33 silly registry.get     date: 'Mon, 11 Feb 2013 20:45:05 GMT',
33 silly registry.get     'content-type': 'application/json',
33 silly registry.get     'content-length': '52',
33 silly registry.get     'cache-control': 'must-revalidate' } ]
34 silly lockFile 877ee80b-chatter chatter@
35 silly lockFile 877ee80b-chatter chatter@
36 error 404 'chatter' is not in the npm registry.
36 error 404 You should bug the author to publish it
36 error 404
36 error 404 Note that you can also install from a
36 error 404 tarball, folder, or http url, or git url.
37 error System Windows_NT 5.1.2600
38 error command "C:\\Documents and Settings\\saeid\\Desktop\\nodejs\\\\node.exe" "C:\\Documents and Settings\\saeid\\Desktop\\nodejs\\node_modules\\npm\\bin\\npm-cli.js" "install" "chatter"
39 error cwd C:\Documents and Settings\saeid\Desktop\nodejs
40 error node -v v0.8.19
41 error npm -v 1.2.10
42 error code E404
43 verbose exit [ 1, true ]
